<?xml version="1.0" encoding="UTF-8"?>
<!-- Generated by org.testng.reporters.JUnitXMLReporter -->
<testsuite ignored="0" hostname="Mirzab" failures="1" tests="2" name="Default test(failed)" time="0.055" errors="0" timestamp="2022-08-20T11:54:54 IST">
  <testcase classname="testNG_P1.DependancyMethod" name="register" time="0.01">
    <failure type="java.lang.AssertionError" message="null">
      <![CDATA[java.lang.AssertionError: null
at testNG_P1.DependancyMethod.register(DependancyMethod.java:11)
at java.base/java.util.ArrayList.forEach(ArrayList.java:1511)
... Removed 29 stack frames]]>
    </failure>
  </testcase> <!-- register -->
  <testcase classname="testNG_P1.DependancyMethod" name="login" time="0.001">
    <skipped/>
  </testcase> <!-- login -->
</testsuite> <!-- Default test(failed) -->
