<?xml version="1.0" encoding="UTF-8"?>
<testng-results ignored="0" total="1" passed="1" failed="0" skipped="0">
  <reporter-output>
  </reporter-output>
  <suite started-at="2022-09-03T11:13:24 IST" name="Default suite" finished-at="2022-09-03T11:13:32 IST" duration-ms="8472">
    <groups>
    </groups>
    <test started-at="2022-09-03T11:13:24 IST" name="Default test" finished-at="2022-09-03T11:13:32 IST" duration-ms="8472">
      <class name="driverForGeneric.Launch">
        <test-method is-config="true" signature="beforeMethod()[pri:0, instance:driverForGeneric.Launch@6743e411]" started-at="2022-09-03T11:13:24 IST" name="beforeMethod" finished-at="2022-09-03T11:13:27 IST" duration-ms="2991" status="PASS">
          <reporter-output>
          </reporter-output>
        </test-method> <!-- beforeMethod -->
        <test-method signature="launch()[pri:0, instance:driverForGeneric.Launch@6743e411]" started-at="2022-09-03T11:13:27 IST" name="launch" finished-at="2022-09-03T11:13:27 IST" duration-ms="8" status="PASS">
          <reporter-output>
          </reporter-output>
        </test-method> <!-- launch -->
        <test-method is-config="true" signature="afterMethod()[pri:0, instance:driverForGeneric.Launch@6743e411]" started-at="2022-09-03T11:13:27 IST" name="afterMethod" finished-at="2022-09-03T11:13:32 IST" duration-ms="5439" status="PASS">
          <reporter-output>
          </reporter-output>
        </test-method> <!-- afterMethod -->
      </class> <!-- driverForGeneric.Launch -->
    </test> <!-- Default test -->
  </suite> <!-- Default suite -->
</testng-results>
